2023-03-22T11:55:08+00:00 CRITICAL Uncaught Error: Failed opening required 'templates/heatmap-tracker-settings.php' (include_path='C:\xampp\php\PEAR') in C:\xampp\htdocs\tests\wordpress\wp-content\plugins\heatmap-tracker\inc\Base\HeatmapAdmin.php:19
Stack trace:
#0 C:\xampp\htdocs\tests\wordpress\wp-includes\class-wp-hook.php(308): Inc\Base\HeatmapAdmin->DisplayHeatmapAdminDashboard('')
#1 C:\xampp\htdocs\tests\wordpress\wp-includes\class-wp-hook.php(332): WP_Hook->apply_filters('', Array)
#2 C:\xampp\htdocs\tests\wordpress\wp-includes\plugin.php(517): WP_Hook->do_action(Array)
#3 C:\xampp\htdocs\tests\wordpress\wp-admin\admin.php(259): do_action('toplevel_page_h...')
#4 {main}
  thrown in C:\xampp\htdocs\tests\wordpress\wp-content\plugins\heatmap-tracker\inc\Base\HeatmapAdmin.php on line 19

2023-03-22T11:57:10+00:00 CRITICAL Uncaught Error: Failed opening required 'templates/heatmap-tracker-settings.php' (include_path='C:\xampp\php\PEAR') in C:\xampp\htdocs\tests\wordpress\wp-content\plugins\heatmap-tracker\inc\Base\HeatmapAdmin.php:19
Stack trace:
#0 C:\xampp\htdocs\tests\wordpress\wp-includes\class-wp-hook.php(308): Inc\Base\HeatmapAdmin->DisplayHeatmapAdminDashboard('')
#1 C:\xampp\htdocs\tests\wordpress\wp-includes\class-wp-hook.php(332): WP_Hook->apply_filters('', Array)
#2 C:\xampp\htdocs\tests\wordpress\wp-includes\plugin.php(517): WP_Hook->do_action(Array)
#3 C:\xampp\htdocs\tests\wordpress\wp-admin\admin.php(259): do_action('toplevel_page_h...')
#4 {main}
  thrown in C:\xampp\htdocs\tests\wordpress\wp-content\plugins\heatmap-tracker\inc\Base\HeatmapAdmin.php on line 19

2023-03-22T11:57:24+00:00 CRITICAL Uncaught Error: Failed opening required 'C:\xampp\htdocs\tests\wordpress\wp-content\plugins\heatmap-trackertemplates/heatmap-tracker-settings.php' (include_path='C:\xampp\php\PEAR') in C:\xampp\htdocs\tests\wordpress\wp-content\plugins\heatmap-tracker\inc\Base\HeatmapAdmin.php:19
Stack trace:
#0 C:\xampp\htdocs\tests\wordpress\wp-includes\class-wp-hook.php(308): Inc\Base\HeatmapAdmin->DisplayHeatmapAdminDashboard('')
#1 C:\xampp\htdocs\tests\wordpress\wp-includes\class-wp-hook.php(332): WP_Hook->apply_filters('', Array)
#2 C:\xampp\htdocs\tests\wordpress\wp-includes\plugin.php(517): WP_Hook->do_action(Array)
#3 C:\xampp\htdocs\tests\wordpress\wp-admin\admin.php(259): do_action('toplevel_page_h...')
#4 {main}
  thrown in C:\xampp\htdocs\tests\wordpress\wp-content\plugins\heatmap-tracker\inc\Base\HeatmapAdmin.php on line 19

2023-03-22T16:14:14+00:00 CRITICAL Uncaught Error: Cannot use object of type WP_Error as array in C:\xampp\htdocs\tests\wordpress\wp-content\plugins\heatmap-tracker\inc\HeatmapTracker.php:76
Stack trace:
#0 C:\xampp\htdocs\tests\wordpress\wp-content\plugins\heatmap-tracker\inc\HeatmapTracker.php(90): Inc\HeatmapTracker->HeatmapCURL('http://localhos...', Array, 'GET')
#1 C:\xampp\htdocs\tests\wordpress\wp-content\plugins\heatmap-tracker\inc\HeatmapTracker.php(127): Inc\HeatmapTracker->HeatmapGetIdSite('http://localhos...', true, 'http://localhos...')
#2 C:\xampp\htdocs\tests\wordpress\wp-content\plugins\heatmap-tracker\inc\Base\HeatmapAdmin.php(38): Inc\HeatmapTracker->HeatmapHeatagScript(true)
#3 C:\xampp\htdocs\tests\wordpress\wp-includes\class-wp-hook.php(308): Inc\Base\HeatmapAdmin->HeatmapManageSettings('')
#4 C:\xampp\htdocs\tests\wordpress\wp-includes\class-wp-hook.php(332): WP_Hook->apply_filters('', Array)
#5 C:\xampp\htdocs\tests\wordpress\wp-includes\plugin.php(517): WP_Hook->do_action(Array)
#6 C:\xampp\htdocs\tests\wordpress\wp-admin\admin-ajax.php(188): do_action('wp_ajax_Heatmap...')
#7 {main}
  thrown in C:\xampp\htdocs\tests\wordpress\wp-content\plugins\heatmap-tracker\inc\HeatmapTracker.php on line 76

2023-03-22T23:48:44+00:00 CRITICAL Uncaught Error: Cannot use object of type WP_Error as array in C:\xampp\htdocs\tests\wordpress\wp-content\plugins\heatmap-tracker\inc\HeatmapTracker.php:76
Stack trace:
#0 C:\xampp\htdocs\tests\wordpress\wp-content\plugins\heatmap-tracker\inc\HeatmapTracker.php(90): Inc\HeatmapTracker->HeatmapCURL('http://localhos...', Array, 'GET')
#1 C:\xampp\htdocs\tests\wordpress\wp-content\plugins\heatmap-tracker\inc\HeatmapTracker.php(127): Inc\HeatmapTracker->HeatmapGetIdSite('http://localhos...', true, 'http://localhos...')
#2 C:\xampp\htdocs\tests\wordpress\wp-content\plugins\heatmap-tracker\inc\Base\HeatmapAdmin.php(38): Inc\HeatmapTracker->HeatmapHeatagScript(true)
#3 C:\xampp\htdocs\tests\wordpress\wp-includes\class-wp-hook.php(308): Inc\Base\HeatmapAdmin->HeatmapManageSettings('')
#4 C:\xampp\htdocs\tests\wordpress\wp-includes\class-wp-hook.php(332): WP_Hook->apply_filters('', Array)
#5 C:\xampp\htdocs\tests\wordpress\wp-includes\plugin.php(517): WP_Hook->do_action(Array)
#6 C:\xampp\htdocs\tests\wordpress\wp-admin\admin-ajax.php(188): do_action('wp_ajax_Heatmap...')
#7 {main}
  thrown in C:\xampp\htdocs\tests\wordpress\wp-content\plugins\heatmap-tracker\inc\HeatmapTracker.php on line 76

