2023-03-15T14:30:52+00:00 INFO Array
(
    [Webhook Delivery] => Array
        (
            [Delivery ID] => 3aa745f7082bb471a92d04a3f8d4aeae
            [Date] => Mar 15, 2023 @ 14:30
            [URL] => https://devdashboard.heatmap.com/sttracker.php
            [Duration] => 2.96944
            [Request] => Array
                (
                    [Method] => POST
                    [Headers] => Array
                        (
                            [User-Agent] => WooCommerce/7.5.0 Hookshot (WordPress/6.1.1)
                            [Content-Type] => application/json
                            [X-WC-Webhook-Source] => http://localhost:91/tests/wordpress/
                            [X-WC-Webhook-Topic] => order.created
                            [X-WC-Webhook-Resource] => order
                            [X-WC-Webhook-Event] => created
                            [X-WC-Webhook-Signature] => M+v/9byGQ0ICM2by7ZVRZ/n3iMCiEY0L1cel5YsK8L0=
                            [X-WC-Webhook-ID] => 1
                            [X-WC-Webhook-Delivery-ID] => 3aa745f7082bb471a92d04a3f8d4aeae
                        )

                )

            [Body] => Webhook body is not logged unless WP_DEBUG mode is turned on. This is to avoid the storing of personal data in the logs.
            [Response] => Array
                (
                    [Code] => 200
                    [Message] => OK
                    [Headers] => Requests_Utility_CaseInsensitiveDictionary Object
                        (
                            [data:protected] => Array
                                (
                                    [content-type] => application/javascript
                                    [server] => nginx/1.22.1
                                    [date] => Wed, 15 Mar 2023 14:30:52 GMT
                                    [vary] => Origin
                                    [access-control-allow-credentials] => true
                                    [access-control-allow-origin] => *
                                    [referrer-policy] => origin
                                    [x-content-type-options] => nosniff
                                    [x-xss-protection] => 1; mode=block
                                    [x-cache] => Miss from cloudfront
                                    [via] => 1.1 56ac4d409ea3c91f84bc0c30648a1434.cloudfront.net (CloudFront)
                                    [x-amz-cf-pop] => LHR50-P8
                                    [x-amz-cf-id] => cd9jU6AvmW6RysswU9XC_H1ciyTF6Qy5bq9bEvJiJwTLC81buGc-Vg==
                                )

                        )

                    [Body] => Webhook body is not logged unless WP_DEBUG mode is turned on. This is to avoid the storing of personal data in the logs.
                )

        )

)

2023-03-15T14:47:02+00:00 INFO Array
(
    [Webhook Delivery] => Array
        (
            [Delivery ID] => a9feba506da43973a0301460aa399a4e
            [Date] => Mar 15, 2023 @ 14:47
            [URL] => https://devdashboard.heatmap.com/sttracker.php
            [Duration] => 0.23278
            [Request] => Array
                (
                    [Method] => POST
                    [Headers] => Array
                        (
                            [User-Agent] => WooCommerce/7.5.0 Hookshot (WordPress/6.1.1)
                            [Content-Type] => application/json
                            [X-WC-Webhook-Source] => http://localhost:91/tests/wordpress/
                            [X-WC-Webhook-Topic] => order.created
                            [X-WC-Webhook-Resource] => order
                            [X-WC-Webhook-Event] => created
                            [X-WC-Webhook-Signature] => ol7XsysbfqMSUhXd6TlZOW2gPChBSrXpNYEyyN4cKtU=
                            [X-WC-Webhook-ID] => 1
                            [X-WC-Webhook-Delivery-ID] => a9feba506da43973a0301460aa399a4e
                        )

                )

            [Body] => Webhook body is not logged unless WP_DEBUG mode is turned on. This is to avoid the storing of personal data in the logs.
            [Response] => Array
                (
                    [Code] => http_request_failed
                    [Message] => A valid URL was not provided.
                    [Headers] => Array
                        (
                        )

                    [Body] => Webhook body is not logged unless WP_DEBUG mode is turned on. This is to avoid the storing of personal data in the logs.
                )

        )

)

2023-03-15T14:57:26+00:00 INFO Array
(
    [Webhook Delivery] => Array
        (
            [Delivery ID] => c652c5ad71781746c3088527417703ec
            [Date] => Mar 15, 2023 @ 14:57
            [URL] => https://devdashboard.heatmap.com/sttracker.php
            [Duration] => 2.69809
            [Request] => Array
                (
                    [Method] => POST
                    [Headers] => Array
                        (
                            [User-Agent] => WooCommerce/7.5.0 Hookshot (WordPress/6.1.1)
                            [Content-Type] => application/json
                            [X-WC-Webhook-Source] => http://localhost:91/tests/wordpress/
                            [X-WC-Webhook-Topic] => order.created
                            [X-WC-Webhook-Resource] => order
                            [X-WC-Webhook-Event] => created
                            [X-WC-Webhook-Signature] => sGhVgUU8Q9Nf79MdPTXGpEpzcQVJnFsoIyXcrceLeAs=
                            [X-WC-Webhook-ID] => 1
                            [X-WC-Webhook-Delivery-ID] => c652c5ad71781746c3088527417703ec
                        )

                )

            [Body] => Webhook body is not logged unless WP_DEBUG mode is turned on. This is to avoid the storing of personal data in the logs.
            [Response] => Array
                (
                    [Code] => 200
                    [Message] => OK
                    [Headers] => Requests_Utility_CaseInsensitiveDictionary Object
                        (
                            [data:protected] => Array
                                (
                                    [content-type] => application/javascript
                                    [server] => nginx/1.22.1
                                    [date] => Wed, 15 Mar 2023 14:57:25 GMT
                                    [vary] => Origin
                                    [access-control-allow-credentials] => true
                                    [access-control-allow-origin] => *
                                    [referrer-policy] => origin
                                    [x-content-type-options] => nosniff
                                    [x-xss-protection] => 1; mode=block
                                    [x-cache] => Miss from cloudfront
                                    [via] => 1.1 e3be5f49ae00f8ca7130519d28e56cd0.cloudfront.net (CloudFront)
                                    [x-amz-cf-pop] => MRS52-C2
                                    [x-amz-cf-id] => Z1jHuSCK66v_MsXBUJTEg9HE5gPdbSWvV04fkyLa1AuEhIetxiBWZw==
                                )

                        )

                    [Body] => Webhook body is not logged unless WP_DEBUG mode is turned on. This is to avoid the storing of personal data in the logs.
                )

        )

)

2023-03-15T14:59:41+00:00 INFO Array
(
    [Webhook Delivery] => Array
        (
            [Delivery ID] => f06f9e0b4a22df80e719f1f056684c16
            [Date] => Mar 15, 2023 @ 14:59
            [URL] => https://devdashboard.heatmap.com/sttracker.php
            [Duration] => 3.10022
            [Request] => Array
                (
                    [Method] => POST
                    [Headers] => Array
                        (
                            [User-Agent] => WooCommerce/7.5.0 Hookshot (WordPress/6.1.1)
                            [Content-Type] => application/json
                            [X-WC-Webhook-Source] => http://localhost:91/tests/wordpress/
                            [X-WC-Webhook-Topic] => order.created
                            [X-WC-Webhook-Resource] => order
                            [X-WC-Webhook-Event] => created
                            [X-WC-Webhook-Signature] => obzpqxocqy8Dvt7x/qxVfs0jsD4Hu+LW6Un/ah40yI0=
                            [X-WC-Webhook-ID] => 1
                            [X-WC-Webhook-Delivery-ID] => f06f9e0b4a22df80e719f1f056684c16
                        )

                )

            [Body] => Webhook body is not logged unless WP_DEBUG mode is turned on. This is to avoid the storing of personal data in the logs.
            [Response] => Array
                (
                    [Code] => 200
                    [Message] => OK
                    [Headers] => Requests_Utility_CaseInsensitiveDictionary Object
                        (
                            [data:protected] => Array
                                (
                                    [content-type] => application/javascript
                                    [server] => nginx/1.22.1
                                    [date] => Wed, 15 Mar 2023 14:59:41 GMT
                                    [vary] => Origin
                                    [access-control-allow-credentials] => true
                                    [access-control-allow-origin] => *
                                    [referrer-policy] => origin
                                    [x-content-type-options] => nosniff
                                    [x-xss-protection] => 1; mode=block
                                    [x-cache] => Miss from cloudfront
                                    [via] => 1.1 4d7b5de37aeab9fce259cf61156ea4a4.cloudfront.net (CloudFront)
                                    [x-amz-cf-pop] => MRS52-C2
                                    [x-amz-cf-id] => IowKyy9Begkx1QglfVPZS_0glsCdovcDS8Ltya4qEWlx1cNxcqWcMQ==
                                )

                        )

                    [Body] => Webhook body is not logged unless WP_DEBUG mode is turned on. This is to avoid the storing of personal data in the logs.
                )

        )

)

2023-03-15T15:09:40+00:00 INFO Array
(
    [Webhook Delivery] => Array
        (
            [Delivery ID] => 96bcdc945a9f8ec4af94524835e517f3
            [Date] => Mar 15, 2023 @ 15:09
            [URL] => https://devdashboard.heatmap.com/sttracker.php
            [Duration] => 1.81442
            [Request] => Array
                (
                    [Method] => POST
                    [Headers] => Array
                        (
                            [User-Agent] => WooCommerce/7.5.0 Hookshot (WordPress/6.1.1)
                            [Content-Type] => application/json
                            [X-WC-Webhook-Source] => http://localhost:91/tests/wordpress/
                            [X-WC-Webhook-Topic] => order.created
                            [X-WC-Webhook-Resource] => order
                            [X-WC-Webhook-Event] => created
                            [X-WC-Webhook-Signature] => tK/qsftA+a8CFDw/54sCrhMShNOWZcOB3fztCt+4wE0=
                            [X-WC-Webhook-ID] => 1
                            [X-WC-Webhook-Delivery-ID] => 96bcdc945a9f8ec4af94524835e517f3
                        )

                )

            [Body] => Webhook body is not logged unless WP_DEBUG mode is turned on. This is to avoid the storing of personal data in the logs.
            [Response] => Array
                (
                    [Code] => 200
                    [Message] => OK
                    [Headers] => Requests_Utility_CaseInsensitiveDictionary Object
                        (
                            [data:protected] => Array
                                (
                                    [content-type] => application/javascript
                                    [server] => nginx/1.22.1
                                    [date] => Wed, 15 Mar 2023 15:09:40 GMT
                                    [vary] => Origin
                                    [access-control-allow-credentials] => true
                                    [access-control-allow-origin] => *
                                    [referrer-policy] => origin
                                    [x-content-type-options] => nosniff
                                    [x-xss-protection] => 1; mode=block
                                    [x-cache] => Miss from cloudfront
                                    [via] => 1.1 d3008fec83a1635c061eac0d7e02b826.cloudfront.net (CloudFront)
                                    [x-amz-cf-pop] => MRS52-C2
                                    [x-amz-cf-id] => dURvyT8QtyY2q0H1EC1f0Jpjh_G4mWkKFhpiVFPDxGC4DOz2qSTklA==
                                )

                        )

                    [Body] => Webhook body is not logged unless WP_DEBUG mode is turned on. This is to avoid the storing of personal data in the logs.
                )

        )

)

2023-03-15T15:10:19+00:00 INFO Array
(
    [Webhook Delivery] => Array
        (
            [Delivery ID] => e70cdbd9bc23116bf9ef5971fae86029
            [Date] => Mar 15, 2023 @ 15:10
            [URL] => https://devdashboard.heatmap.com/sttracker.php
            [Duration] => 1.56295
            [Request] => Array
                (
                    [Method] => POST
                    [Headers] => Array
                        (
                            [User-Agent] => WooCommerce/7.5.0 Hookshot (WordPress/6.1.1)
                            [Content-Type] => application/json
                            [X-WC-Webhook-Source] => http://localhost:91/tests/wordpress/
                            [X-WC-Webhook-Topic] => order.created
                            [X-WC-Webhook-Resource] => order
                            [X-WC-Webhook-Event] => created
                            [X-WC-Webhook-Signature] => chetH/os4sMkwujnC4oFgQ8TAbCymUUBzAGEa7jdNrU=
                            [X-WC-Webhook-ID] => 1
                            [X-WC-Webhook-Delivery-ID] => e70cdbd9bc23116bf9ef5971fae86029
                        )

                )

            [Body] => Webhook body is not logged unless WP_DEBUG mode is turned on. This is to avoid the storing of personal data in the logs.
            [Response] => Array
                (
                    [Code] => 200
                    [Message] => OK
                    [Headers] => Requests_Utility_CaseInsensitiveDictionary Object
                        (
                            [data:protected] => Array
                                (
                                    [content-type] => application/javascript
                                    [server] => nginx/1.22.1
                                    [date] => Wed, 15 Mar 2023 15:10:18 GMT
                                    [vary] => Origin
                                    [access-control-allow-credentials] => true
                                    [access-control-allow-origin] => *
                                    [referrer-policy] => origin
                                    [x-content-type-options] => nosniff
                                    [x-xss-protection] => 1; mode=block
                                    [x-cache] => Miss from cloudfront
                                    [via] => 1.1 e7e3d2fc85724799dd790089462fa032.cloudfront.net (CloudFront)
                                    [x-amz-cf-pop] => MRS52-C2
                                    [x-amz-cf-id] => Dm57p5FWHQZS1dtRvvWlH2KNG50TUBpex5LojD0D0uwjdyyRLKBppA==
                                )

                        )

                    [Body] => Webhook body is not logged unless WP_DEBUG mode is turned on. This is to avoid the storing of personal data in the logs.
                )

        )

)

2023-03-15T15:12:22+00:00 INFO Array
(
    [Webhook Delivery] => Array
        (
            [Delivery ID] => 61cf1b920bd8763815b06f6bb6da1c37
            [Date] => Mar 15, 2023 @ 15:12
            [URL] => https://devdashboard.heatmap.com/sttracker.php
            [Duration] => 2.77576
            [Request] => Array
                (
                    [Method] => POST
                    [Headers] => Array
                        (
                            [User-Agent] => WooCommerce/7.5.0 Hookshot (WordPress/6.1.1)
                            [Content-Type] => application/json
                            [X-WC-Webhook-Source] => http://localhost:91/tests/wordpress/
                            [X-WC-Webhook-Topic] => order.created
                            [X-WC-Webhook-Resource] => order
                            [X-WC-Webhook-Event] => created
                            [X-WC-Webhook-Signature] => JiIE9uGTarVBFcjhPOP3xtPLTu7/3l/xsTMi2Ei+rSE=
                            [X-WC-Webhook-ID] => 1
                            [X-WC-Webhook-Delivery-ID] => 61cf1b920bd8763815b06f6bb6da1c37
                        )

                )

            [Body] => Webhook body is not logged unless WP_DEBUG mode is turned on. This is to avoid the storing of personal data in the logs.
            [Response] => Array
                (
                    [Code] => 200
                    [Message] => OK
                    [Headers] => Requests_Utility_CaseInsensitiveDictionary Object
                        (
                            [data:protected] => Array
                                (
                                    [content-type] => application/javascript
                                    [server] => nginx/1.22.1
                                    [date] => Wed, 15 Mar 2023 15:12:22 GMT
                                    [vary] => Origin
                                    [access-control-allow-credentials] => true
                                    [access-control-allow-origin] => *
                                    [referrer-policy] => origin
                                    [x-content-type-options] => nosniff
                                    [x-xss-protection] => 1; mode=block
                                    [x-cache] => Miss from cloudfront
                                    [via] => 1.1 c905ab1a35f5719106f2992ea51e1a76.cloudfront.net (CloudFront)
                                    [x-amz-cf-pop] => MRS52-C2
                                    [x-amz-cf-id] => p2qIGB1QpGLpCMewiw3mz1etE1nIkKZP2S3ls9aLcQr3R2IylW4ZmQ==
                                )

                        )

                    [Body] => Webhook body is not logged unless WP_DEBUG mode is turned on. This is to avoid the storing of personal data in the logs.
                )

        )

)

2023-03-15T15:17:15+00:00 INFO Array
(
    [Webhook Delivery] => Array
        (
            [Delivery ID] => 0c1707b407e0075c46d744d041ec0cfb
            [Date] => Mar 15, 2023 @ 15:17
            [URL] => https://devdashboard.heatmap.com/sttracker.php
            [Duration] => 2.19511
            [Request] => Array
                (
                    [Method] => POST
                    [Headers] => Array
                        (
                            [User-Agent] => WooCommerce/7.5.0 Hookshot (WordPress/6.1.1)
                            [Content-Type] => application/json
                            [X-WC-Webhook-Source] => http://localhost:91/tests/wordpress/
                            [X-WC-Webhook-Topic] => order.created
                            [X-WC-Webhook-Resource] => order
                            [X-WC-Webhook-Event] => created
                            [X-WC-Webhook-Signature] => VtHJlhqEdW2S6kbN7RlAF3hsrsVFIhIWYqs4AsqPhlY=
                            [X-WC-Webhook-ID] => 1
                            [X-WC-Webhook-Delivery-ID] => 0c1707b407e0075c46d744d041ec0cfb
                        )

                )

            [Body] => Webhook body is not logged unless WP_DEBUG mode is turned on. This is to avoid the storing of personal data in the logs.
            [Response] => Array
                (
                    [Code] => 200
                    [Message] => OK
                    [Headers] => Requests_Utility_CaseInsensitiveDictionary Object
                        (
                            [data:protected] => Array
                                (
                                    [content-type] => application/javascript
                                    [server] => nginx/1.22.1
                                    [date] => Wed, 15 Mar 2023 15:17:15 GMT
                                    [vary] => Origin
                                    [access-control-allow-credentials] => true
                                    [access-control-allow-origin] => *
                                    [referrer-policy] => origin
                                    [x-content-type-options] => nosniff
                                    [x-xss-protection] => 1; mode=block
                                    [x-cache] => Miss from cloudfront
                                    [via] => 1.1 05ef390c85f3303ec2fddab8e867c170.cloudfront.net (CloudFront)
                                    [x-amz-cf-pop] => MRS52-C2
                                    [x-amz-cf-id] => VuH5qAoDXJGR6-6CKDnE-oIch6kATdG1jHjUv1pT6aE1XY8j0Z9ytA==
                                )

                        )

                    [Body] => Webhook body is not logged unless WP_DEBUG mode is turned on. This is to avoid the storing of personal data in the logs.
                )

        )

)

2023-03-15T15:19:06+00:00 INFO Array
(
    [Webhook Delivery] => Array
        (
            [Delivery ID] => 282e7c6e8a856679c28a3a94f842e973
            [Date] => Mar 15, 2023 @ 15:19
            [URL] => https://devdashboard.heatmap.com/sttracker.php
            [Duration] => 2.38795
            [Request] => Array
                (
                    [Method] => POST
                    [Headers] => Array
                        (
                            [User-Agent] => WooCommerce/7.5.0 Hookshot (WordPress/6.1.1)
                            [Content-Type] => application/json
                            [X-WC-Webhook-Source] => http://localhost:91/tests/wordpress/
                            [X-WC-Webhook-Topic] => order.created
                            [X-WC-Webhook-Resource] => order
                            [X-WC-Webhook-Event] => created
                            [X-WC-Webhook-Signature] => F+VPruRdQmXbixzXn5ageBe4s7w4nun3TLUUWMqseMA=
                            [X-WC-Webhook-ID] => 1
                            [X-WC-Webhook-Delivery-ID] => 282e7c6e8a856679c28a3a94f842e973
                        )

                )

            [Body] => Webhook body is not logged unless WP_DEBUG mode is turned on. This is to avoid the storing of personal data in the logs.
            [Response] => Array
                (
                    [Code] => 200
                    [Message] => OK
                    [Headers] => Requests_Utility_CaseInsensitiveDictionary Object
                        (
                            [data:protected] => Array
                                (
                                    [content-type] => application/javascript
                                    [server] => nginx/1.22.1
                                    [date] => Wed, 15 Mar 2023 15:19:06 GMT
                                    [vary] => Origin
                                    [access-control-allow-credentials] => true
                                    [access-control-allow-origin] => *
                                    [referrer-policy] => origin
                                    [x-content-type-options] => nosniff
                                    [x-xss-protection] => 1; mode=block
                                    [x-cache] => Miss from cloudfront
                                    [via] => 1.1 c7f8b6507c2a4a5ebea5d7ec809ae182.cloudfront.net (CloudFront)
                                    [x-amz-cf-pop] => MRS52-C2
                                    [x-amz-cf-id] => y0kzU3-zKTcmXLoaE-tKdnzqQHY87aHx8bYCua4qT5pf4OGCa0_omQ==
                                )

                        )

                    [Body] => Webhook body is not logged unless WP_DEBUG mode is turned on. This is to avoid the storing of personal data in the logs.
                )

        )

)

2023-03-15T15:23:13+00:00 INFO Array
(
    [Webhook Delivery] => Array
        (
            [Delivery ID] => 7f987b62136fc63e3d218aec85d4d535
            [Date] => Mar 15, 2023 @ 15:23
            [URL] => https://devdashboard.heatmap.com/sttracker.php
            [Duration] => 6.75099
            [Request] => Array
                (
                    [Method] => POST
                    [Headers] => Array
                        (
                            [User-Agent] => WooCommerce/7.5.0 Hookshot (WordPress/6.1.1)
                            [Content-Type] => application/json
                            [X-WC-Webhook-Source] => http://localhost:91/tests/wordpress/
                            [X-WC-Webhook-Topic] => order.created
                            [X-WC-Webhook-Resource] => order
                            [X-WC-Webhook-Event] => created
                            [X-WC-Webhook-Signature] => qar1ml3vUGGzsCReFjrg3mVHFxMpSvVAimrC/av3rq0=
                            [X-WC-Webhook-ID] => 1
                            [X-WC-Webhook-Delivery-ID] => 7f987b62136fc63e3d218aec85d4d535
                        )

                )

            [Body] => Webhook body is not logged unless WP_DEBUG mode is turned on. This is to avoid the storing of personal data in the logs.
            [Response] => Array
                (
                    [Code] => 200
                    [Message] => OK
                    [Headers] => Requests_Utility_CaseInsensitiveDictionary Object
                        (
                            [data:protected] => Array
                                (
                                    [content-type] => application/javascript
                                    [server] => nginx/1.22.1
                                    [date] => Wed, 15 Mar 2023 15:23:13 GMT
                                    [vary] => Origin
                                    [access-control-allow-credentials] => true
                                    [access-control-allow-origin] => *
                                    [referrer-policy] => origin
                                    [x-content-type-options] => nosniff
                                    [x-xss-protection] => 1; mode=block
                                    [x-cache] => Miss from cloudfront
                                    [via] => 1.1 05ef390c85f3303ec2fddab8e867c170.cloudfront.net (CloudFront)
                                    [x-amz-cf-pop] => MRS52-C2
                                    [x-amz-cf-id] => K4JqEdesjsHxiKkREBvkVdzYyl5CA0kP_zGY8-DsS3Wtb3b0f1fCug==
                                )

                        )

                    [Body] => Webhook body is not logged unless WP_DEBUG mode is turned on. This is to avoid the storing of personal data in the logs.
                )

        )

)

2023-03-15T15:25:15+00:00 INFO Array
(
    [Webhook Delivery] => Array
        (
            [Delivery ID] => f6650829716e0a6a6a60dbde1f9d6923
            [Date] => Mar 15, 2023 @ 15:25
            [URL] => https://devdashboard.heatmap.com/sttracker.php
            [Duration] => 2.69038
            [Request] => Array
                (
                    [Method] => POST
                    [Headers] => Array
                        (
                            [User-Agent] => WooCommerce/7.5.0 Hookshot (WordPress/6.1.1)
                            [Content-Type] => application/json
                            [X-WC-Webhook-Source] => http://localhost:91/tests/wordpress/
                            [X-WC-Webhook-Topic] => order.created
                            [X-WC-Webhook-Resource] => order
                            [X-WC-Webhook-Event] => created
                            [X-WC-Webhook-Signature] => L2NDaixxatd7LohFStYOIJynIUczw8QLUhqLJf6vIPE=
                            [X-WC-Webhook-ID] => 1
                            [X-WC-Webhook-Delivery-ID] => f6650829716e0a6a6a60dbde1f9d6923
                        )

                )

            [Body] => Webhook body is not logged unless WP_DEBUG mode is turned on. This is to avoid the storing of personal data in the logs.
            [Response] => Array
                (
                    [Code] => 200
                    [Message] => OK
                    [Headers] => Requests_Utility_CaseInsensitiveDictionary Object
                        (
                            [data:protected] => Array
                                (
                                    [content-type] => application/javascript
                                    [server] => nginx/1.22.1
                                    [date] => Wed, 15 Mar 2023 15:25:14 GMT
                                    [vary] => Origin
                                    [access-control-allow-credentials] => true
                                    [access-control-allow-origin] => *
                                    [referrer-policy] => origin
                                    [x-content-type-options] => nosniff
                                    [x-xss-protection] => 1; mode=block
                                    [x-cache] => Miss from cloudfront
                                    [via] => 1.1 e193dc7153d24abe4297798fbf91a678.cloudfront.net (CloudFront)
                                    [x-amz-cf-pop] => MRS52-C2
                                    [x-amz-cf-id] => so74hk-U1pXDAWeAh34t5qloo6Btv2QzLOmaS8fzARQRpmarG5MK_w==
                                )

                        )

                    [Body] => Webhook body is not logged unless WP_DEBUG mode is turned on. This is to avoid the storing of personal data in the logs.
                )

        )

)

2023-03-15T15:26:37+00:00 INFO Array
(
    [Webhook Delivery] => Array
        (
            [Delivery ID] => fc01752982f7274c4e68272db64c2c92
            [Date] => Mar 15, 2023 @ 15:26
            [URL] => https://devdashboard.heatmap.com/sttracker.php
            [Duration] => 1.61691
            [Request] => Array
                (
                    [Method] => POST
                    [Headers] => Array
                        (
                            [User-Agent] => WooCommerce/7.5.0 Hookshot (WordPress/6.1.1)
                            [Content-Type] => application/json
                            [X-WC-Webhook-Source] => http://localhost:91/tests/wordpress/
                            [X-WC-Webhook-Topic] => order.created
                            [X-WC-Webhook-Resource] => order
                            [X-WC-Webhook-Event] => created
                            [X-WC-Webhook-Signature] => jouiMriYlNtn7JKZ0fyaqBHuZ6akbhdv2WATVkTC6OE=
                            [X-WC-Webhook-ID] => 1
                            [X-WC-Webhook-Delivery-ID] => fc01752982f7274c4e68272db64c2c92
                        )

                )

            [Body] => Webhook body is not logged unless WP_DEBUG mode is turned on. This is to avoid the storing of personal data in the logs.
            [Response] => Array
                (
                    [Code] => 200
                    [Message] => OK
                    [Headers] => Requests_Utility_CaseInsensitiveDictionary Object
                        (
                            [data:protected] => Array
                                (
                                    [content-type] => application/javascript
                                    [server] => nginx/1.22.1
                                    [date] => Wed, 15 Mar 2023 15:26:37 GMT
                                    [vary] => Origin
                                    [access-control-allow-credentials] => true
                                    [access-control-allow-origin] => *
                                    [referrer-policy] => origin
                                    [x-content-type-options] => nosniff
                                    [x-xss-protection] => 1; mode=block
                                    [x-cache] => Miss from cloudfront
                                    [via] => 1.1 1976c726f5a49e79daf18d11f7fa62da.cloudfront.net (CloudFront)
                                    [x-amz-cf-pop] => MRS52-C2
                                    [x-amz-cf-id] => DHWwO6WiJvPde-ggRScCrq4aOItwXgvj7hfwZEm3iuNdsyKNsQl5jA==
                                )

                        )

                    [Body] => Webhook body is not logged unless WP_DEBUG mode is turned on. This is to avoid the storing of personal data in the logs.
                )

        )

)

2023-03-15T15:27:24+00:00 INFO Array
(
    [Webhook Delivery] => Array
        (
            [Delivery ID] => 10804f0e9e65aba17af6a5054533c143
            [Date] => Mar 15, 2023 @ 15:27
            [URL] => https://devdashboard.heatmap.com/sttracker.php
            [Duration] => 1.39739
            [Request] => Array
                (
                    [Method] => POST
                    [Headers] => Array
                        (
                            [User-Agent] => WooCommerce/7.5.0 Hookshot (WordPress/6.1.1)
                            [Content-Type] => application/json
                            [X-WC-Webhook-Source] => http://localhost:91/tests/wordpress/
                            [X-WC-Webhook-Topic] => order.created
                            [X-WC-Webhook-Resource] => order
                            [X-WC-Webhook-Event] => created
                            [X-WC-Webhook-Signature] => veF2GG/Gm/zA+/yMNV6Id8H5j+2UChcxeri0HYMkHWo=
                            [X-WC-Webhook-ID] => 1
                            [X-WC-Webhook-Delivery-ID] => 10804f0e9e65aba17af6a5054533c143
                        )

                )

            [Body] => Webhook body is not logged unless WP_DEBUG mode is turned on. This is to avoid the storing of personal data in the logs.
            [Response] => Array
                (
                    [Code] => 200
                    [Message] => OK
                    [Headers] => Requests_Utility_CaseInsensitiveDictionary Object
                        (
                            [data:protected] => Array
                                (
                                    [content-type] => application/javascript
                                    [server] => nginx/1.22.1
                                    [date] => Wed, 15 Mar 2023 15:27:23 GMT
                                    [vary] => Origin
                                    [access-control-allow-credentials] => true
                                    [access-control-allow-origin] => *
                                    [referrer-policy] => origin
                                    [x-content-type-options] => nosniff
                                    [x-xss-protection] => 1; mode=block
                                    [x-cache] => Miss from cloudfront
                                    [via] => 1.1 3023dc8a8cfbe8a17b250881da2ad446.cloudfront.net (CloudFront)
                                    [x-amz-cf-pop] => MRS52-C2
                                    [x-amz-cf-id] => RUv2sYdvvaALoeJ-Fp6s3irbkacBksS5vOTKVMABW4WIDst0KQrosQ==
                                )

                        )

                    [Body] => Webhook body is not logged unless WP_DEBUG mode is turned on. This is to avoid the storing of personal data in the logs.
                )

        )

)

2023-03-15T15:37:51+00:00 INFO Array
(
    [Webhook Delivery] => Array
        (
            [Delivery ID] => b440a6bfb6f2a5390b6dfd2a97a6de18
            [Date] => Mar 15, 2023 @ 15:37
            [URL] => https://devdashboard.heatmap.com/sttracker.php
            [Duration] => 2.34644
            [Request] => Array
                (
                    [Method] => POST
                    [Headers] => Array
                        (
                            [User-Agent] => WooCommerce/7.5.0 Hookshot (WordPress/6.1.1)
                            [Content-Type] => application/json
                            [X-WC-Webhook-Source] => http://localhost:91/tests/wordpress/
                            [X-WC-Webhook-Topic] => order.created
                            [X-WC-Webhook-Resource] => order
                            [X-WC-Webhook-Event] => created
                            [X-WC-Webhook-Signature] => JtcaW/PeJKUjltWWqth8OH9H3TWVtRHcUk0M+t2tFmU=
                            [X-WC-Webhook-ID] => 1
                            [X-WC-Webhook-Delivery-ID] => b440a6bfb6f2a5390b6dfd2a97a6de18
                        )

                )

            [Body] => Webhook body is not logged unless WP_DEBUG mode is turned on. This is to avoid the storing of personal data in the logs.
            [Response] => Array
                (
                    [Code] => 200
                    [Message] => OK
                    [Headers] => Requests_Utility_CaseInsensitiveDictionary Object
                        (
                            [data:protected] => Array
                                (
                                    [content-type] => application/javascript
                                    [server] => nginx/1.22.1
                                    [date] => Wed, 15 Mar 2023 15:37:51 GMT
                                    [vary] => Origin
                                    [access-control-allow-credentials] => true
                                    [access-control-allow-origin] => *
                                    [referrer-policy] => origin
                                    [x-content-type-options] => nosniff
                                    [x-xss-protection] => 1; mode=block
                                    [x-cache] => Miss from cloudfront
                                    [via] => 1.1 10d2a8ed16cfc3caec8568475f7286fe.cloudfront.net (CloudFront)
                                    [x-amz-cf-pop] => MRS52-C2
                                    [x-amz-cf-id] => aDzLbKAiYZuoySyebCGnUtUnhxwAE3R4Xk6OTcHsXOjIECjUruCHjw==
                                )

                        )

                    [Body] => Webhook body is not logged unless WP_DEBUG mode is turned on. This is to avoid the storing of personal data in the logs.
                )

        )

)

2023-03-15T17:14:21+00:00 INFO Array
(
    [Webhook Delivery] => Array
        (
            [Delivery ID] => 8302cf39a334c6fd6da1d276038ee430
            [Date] => Mar 15, 2023 @ 17:14
            [URL] => https://devdashboard.heatmap.com/sttracker.php
            [Duration] => 3.96826
            [Request] => Array
                (
                    [Method] => POST
                    [Headers] => Array
                        (
                            [User-Agent] => WooCommerce/7.5.0 Hookshot (WordPress/6.1.1)
                            [Content-Type] => application/json
                            [X-WC-Webhook-Source] => http://localhost:91/tests/wordpress/
                            [X-WC-Webhook-Topic] => order.created
                            [X-WC-Webhook-Resource] => order
                            [X-WC-Webhook-Event] => created
                            [X-WC-Webhook-Signature] => 8rsa6e2Oag4O9Vlqn1t/VguIsfrbkn/gBa0aU4Rs3Ck=
                            [X-WC-Webhook-ID] => 1
                            [X-WC-Webhook-Delivery-ID] => 8302cf39a334c6fd6da1d276038ee430
                        )

                )

            [Body] => Webhook body is not logged unless WP_DEBUG mode is turned on. This is to avoid the storing of personal data in the logs.
            [Response] => Array
                (
                    [Code] => 200
                    [Message] => OK
                    [Headers] => Requests_Utility_CaseInsensitiveDictionary Object
                        (
                            [data:protected] => Array
                                (
                                    [content-type] => application/javascript
                                    [server] => nginx/1.22.1
                                    [date] => Wed, 15 Mar 2023 17:14:21 GMT
                                    [vary] => Origin
                                    [access-control-allow-credentials] => true
                                    [access-control-allow-origin] => *
                                    [referrer-policy] => origin
                                    [x-content-type-options] => nosniff
                                    [x-xss-protection] => 1; mode=block
                                    [x-cache] => Miss from cloudfront
                                    [via] => 1.1 01eea59a73e64b504b5097ee299fe464.cloudfront.net (CloudFront)
                                    [x-amz-cf-pop] => MRS52-C2
                                    [x-amz-cf-id] => MNCC_Hq6FHyT44bNzJUuIpugColnu27GMEN5fRzMNjqswPfe1ysKkA==
                                )

                        )

                    [Body] => Webhook body is not logged unless WP_DEBUG mode is turned on. This is to avoid the storing of personal data in the logs.
                )

        )

)

2023-03-15T21:27:27+00:00 INFO Array
(
    [Webhook Delivery] => Array
        (
            [Delivery ID] => ae1814de4ea06ba5d58dfdb8c5cfd0af
            [Date] => Mar 15, 2023 @ 21:27
            [URL] => https://devdashboard.heatmap.com/sttracker.php
            [Duration] => 3.10114
            [Request] => Array
                (
                    [Method] => POST
                    [Headers] => Array
                        (
                            [User-Agent] => WooCommerce/7.5.0 Hookshot (WordPress/6.1.1)
                            [Content-Type] => application/json
                            [X-WC-Webhook-Source] => http://localhost:91/tests/wordpress/
                            [X-WC-Webhook-Topic] => order.created
                            [X-WC-Webhook-Resource] => order
                            [X-WC-Webhook-Event] => created
                            [X-WC-Webhook-Signature] => nhF7xLtSVyn4ec3Un0Re1QODE6x9zDuYXjWzIBkzTo8=
                            [X-WC-Webhook-ID] => 1
                            [X-WC-Webhook-Delivery-ID] => ae1814de4ea06ba5d58dfdb8c5cfd0af
                        )

                )

            [Body] => Webhook body is not logged unless WP_DEBUG mode is turned on. This is to avoid the storing of personal data in the logs.
            [Response] => Array
                (
                    [Code] => 200
                    [Message] => OK
                    [Headers] => Requests_Utility_CaseInsensitiveDictionary Object
                        (
                            [data:protected] => Array
                                (
                                    [content-type] => application/javascript
                                    [server] => nginx/1.22.1
                                    [date] => Wed, 15 Mar 2023 21:27:26 GMT
                                    [vary] => Origin
                                    [access-control-allow-credentials] => true
                                    [access-control-allow-origin] => *
                                    [referrer-policy] => origin
                                    [x-content-type-options] => nosniff
                                    [x-xss-protection] => 1; mode=block
                                    [x-cache] => Miss from cloudfront
                                    [via] => 1.1 2f08592234ee24279f9b7a0f62341a62.cloudfront.net (CloudFront)
                                    [x-amz-cf-pop] => MAN51-P2
                                    [x-amz-cf-id] => pu80t9dP-EWyaKfzJCUp1Xy8TQv6GXuXte3tnpBmfpCcD1-FFIOz4Q==
                                )

                        )

                    [Body] => Webhook body is not logged unless WP_DEBUG mode is turned on. This is to avoid the storing of personal data in the logs.
                )

        )

)

2023-03-15T21:47:29+00:00 INFO Array
(
    [Webhook Delivery] => Array
        (
            [Delivery ID] => 0d90d9bf7f4a4df9767b9f78dc767343
            [Date] => Mar 15, 2023 @ 21:47
            [URL] => https://devdashboard.heatmap.com/sttracker.php
            [Duration] => 1.93519
            [Request] => Array
                (
                    [Method] => POST
                    [Headers] => Array
                        (
                            [User-Agent] => WooCommerce/7.5.0 Hookshot (WordPress/6.1.1)
                            [Content-Type] => application/json
                            [X-WC-Webhook-Source] => http://localhost:91/tests/wordpress/
                            [X-WC-Webhook-Topic] => order.created
                            [X-WC-Webhook-Resource] => order
                            [X-WC-Webhook-Event] => created
                            [X-WC-Webhook-Signature] => f4XxriVW3AMbDPhMKDhv0Q/pPA4ksk91OPwGHDYPxJ4=
                            [X-WC-Webhook-ID] => 1
                            [X-WC-Webhook-Delivery-ID] => 0d90d9bf7f4a4df9767b9f78dc767343
                        )

                )

            [Body] => Webhook body is not logged unless WP_DEBUG mode is turned on. This is to avoid the storing of personal data in the logs.
            [Response] => Array
                (
                    [Code] => 200
                    [Message] => OK
                    [Headers] => Requests_Utility_CaseInsensitiveDictionary Object
                        (
                            [data:protected] => Array
                                (
                                    [content-type] => application/javascript
                                    [server] => nginx/1.22.1
                                    [date] => Wed, 15 Mar 2023 21:47:28 GMT
                                    [vary] => Origin
                                    [access-control-allow-credentials] => true
                                    [access-control-allow-origin] => *
                                    [referrer-policy] => origin
                                    [x-content-type-options] => nosniff
                                    [x-xss-protection] => 1; mode=block
                                    [x-cache] => Miss from cloudfront
                                    [via] => 1.1 54676611483790933ee5232c181e2cb0.cloudfront.net (CloudFront)
                                    [x-amz-cf-pop] => MRS52-C2
                                    [x-amz-cf-id] => 9-KaTy0Qf-nmeVuxS0jf5OvkheJo3NId4U6RR-lCTwBg9PnQMQcG8w==
                                )

                        )

                    [Body] => Webhook body is not logged unless WP_DEBUG mode is turned on. This is to avoid the storing of personal data in the logs.
                )

        )

)

2023-03-15T21:48:21+00:00 INFO Array
(
    [Webhook Delivery] => Array
        (
            [Delivery ID] => f4386553db2c5a7366c36bd62de7f79b
            [Date] => Mar 15, 2023 @ 21:48
            [URL] => https://devdashboard.heatmap.com/sttracker.php
            [Duration] => 1.30032
            [Request] => Array
                (
                    [Method] => POST
                    [Headers] => Array
                        (
                            [User-Agent] => WooCommerce/7.5.0 Hookshot (WordPress/6.1.1)
                            [Content-Type] => application/json
                            [X-WC-Webhook-Source] => http://localhost:91/tests/wordpress/
                            [X-WC-Webhook-Topic] => order.created
                            [X-WC-Webhook-Resource] => order
                            [X-WC-Webhook-Event] => created
                            [X-WC-Webhook-Signature] => 1n6NqfjGbY2wodikX2Boy5GHR6SXsxV95r43LWe/kGc=
                            [X-WC-Webhook-ID] => 1
                            [X-WC-Webhook-Delivery-ID] => f4386553db2c5a7366c36bd62de7f79b
                        )

                )

            [Body] => Webhook body is not logged unless WP_DEBUG mode is turned on. This is to avoid the storing of personal data in the logs.
            [Response] => Array
                (
                    [Code] => 200
                    [Message] => OK
                    [Headers] => Requests_Utility_CaseInsensitiveDictionary Object
                        (
                            [data:protected] => Array
                                (
                                    [content-type] => application/javascript
                                    [server] => nginx/1.22.1
                                    [date] => Wed, 15 Mar 2023 21:48:21 GMT
                                    [vary] => Origin
                                    [access-control-allow-credentials] => true
                                    [access-control-allow-origin] => *
                                    [referrer-policy] => origin
                                    [x-content-type-options] => nosniff
                                    [x-xss-protection] => 1; mode=block
                                    [x-cache] => Miss from cloudfront
                                    [via] => 1.1 d0da953873c8f9391638a7b26d965f8c.cloudfront.net (CloudFront)
                                    [x-amz-cf-pop] => MRS52-C2
                                    [x-amz-cf-id] => Gb_qXAFJIiM7b8McX00pA9YGNK37J-I7MaXqIg6usE7bdCHPBt3l1Q==
                                )

                        )

                    [Body] => Webhook body is not logged unless WP_DEBUG mode is turned on. This is to avoid the storing of personal data in the logs.
                )

        )

)

2023-03-15T22:34:27+00:00 INFO Array
(
    [Webhook Delivery] => Array
        (
            [Delivery ID] => 222a352ecd410cc255efc9c374536a9a
            [Date] => Mar 15, 2023 @ 22:34
            [URL] => https://devdashboard.heatmap.com/sttracker.php
            [Duration] => 3.44685
            [Request] => Array
                (
                    [Method] => POST
                    [Headers] => Array
                        (
                            [User-Agent] => WooCommerce/7.5.0 Hookshot (WordPress/6.1.1)
                            [Content-Type] => application/json
                            [X-WC-Webhook-Source] => http://localhost:91/tests/wordpress/
                            [X-WC-Webhook-Topic] => order.created
                            [X-WC-Webhook-Resource] => order
                            [X-WC-Webhook-Event] => created
                            [X-WC-Webhook-Signature] => Awl88vQ1YhtqW1q8U61tWgBHp4QfiHvH2fDRJXnH3fY=
                            [X-WC-Webhook-ID] => 1
                            [X-WC-Webhook-Delivery-ID] => 222a352ecd410cc255efc9c374536a9a
                        )

                )

            [Body] => Webhook body is not logged unless WP_DEBUG mode is turned on. This is to avoid the storing of personal data in the logs.
            [Response] => Array
                (
                    [Code] => 200
                    [Message] => OK
                    [Headers] => Requests_Utility_CaseInsensitiveDictionary Object
                        (
                            [data:protected] => Array
                                (
                                    [content-type] => application/javascript
                                    [server] => nginx/1.22.1
                                    [date] => Wed, 15 Mar 2023 22:34:27 GMT
                                    [vary] => Origin
                                    [access-control-allow-credentials] => true
                                    [access-control-allow-origin] => *
                                    [referrer-policy] => origin
                                    [x-content-type-options] => nosniff
                                    [x-xss-protection] => 1; mode=block
                                    [x-cache] => Miss from cloudfront
                                    [via] => 1.1 550a2e33920b164c7fc3dddc1871c3ba.cloudfront.net (CloudFront)
                                    [x-amz-cf-pop] => LHR50-P8
                                    [x-amz-cf-id] => Zu5M9TBQdzwva9aPARBzyZD40mAlAo7_b70-6-XwW2tkTmGW_-ywdQ==
                                )

                        )

                    [Body] => Webhook body is not logged unless WP_DEBUG mode is turned on. This is to avoid the storing of personal data in the logs.
                )

        )

)

