2023-03-17T21:21:28+00:00 INFO Array
(
    [Webhook Delivery] => Array
        (
            [Delivery ID] => db954651a900fcc3bd08a76daa0fc8cf
            [Date] => Mar 17, 2023 @ 21:21
            [URL] => https://devdashboard.heatmap.com/sttracker.php
            [Duration] => 16.66098
            [Request] => Array
                (
                    [Method] => POST
                    [Headers] => Array
                        (
                            [User-Agent] => WooCommerce/7.5.0 Hookshot (WordPress/6.1.1)
                            [Content-Type] => application/json
                            [X-WC-Webhook-Source] => http://localhost:91/tests/wordpress/
                            [X-WC-Webhook-Topic] => order.created
                            [X-WC-Webhook-Resource] => order
                            [X-WC-Webhook-Event] => created
                            [X-WC-Webhook-Signature] => cAmESZiaIenJQSSEElImiBSe97SW1S3w8TowbvcA2+I=
                            [X-WC-Webhook-ID] => 1
                            [X-WC-Webhook-Delivery-ID] => db954651a900fcc3bd08a76daa0fc8cf
                        )

                )

            [Body] => Webhook body is not logged unless WP_DEBUG mode is turned on. This is to avoid the storing of personal data in the logs.
            [Response] => Array
                (
                    [Code] => 200
                    [Message] => OK
                    [Headers] => Requests_Utility_CaseInsensitiveDictionary Object
                        (
                            [data:protected] => Array
                                (
                                    [content-type] => application/javascript
                                    [server] => nginx/1.22.1
                                    [date] => Fri, 17 Mar 2023 21:21:30 GMT
                                    [vary] => Origin
                                    [access-control-allow-credentials] => true
                                    [access-control-allow-origin] => *
                                    [referrer-policy] => origin
                                    [x-content-type-options] => nosniff
                                    [x-xss-protection] => 1; mode=block
                                    [x-cache] => Miss from cloudfront
                                    [via] => 1.1 39bbadf156391937a290aa263268420c.cloudfront.net (CloudFront)
                                    [x-amz-cf-pop] => MRS52-C2
                                    [x-amz-cf-id] => ujr7KKaCp9HRwE7bspajQVusVbrplOuxI0XRp-wLx5Wfwz3grIPklA==
                                )

                        )

                    [Body] => Webhook body is not logged unless WP_DEBUG mode is turned on. This is to avoid the storing of personal data in the logs.
                )

        )

)

2023-03-17T21:22:26+00:00 INFO Array
(
    [Webhook Delivery] => Array
        (
            [Delivery ID] => fd9c11b003dbb29184a0afc59cd82f71
            [Date] => Mar 17, 2023 @ 21:22
            [URL] => https://devdashboard.heatmap.com/sttracker.php
            [Duration] => 1.86532
            [Request] => Array
                (
                    [Method] => POST
                    [Headers] => Array
                        (
                            [User-Agent] => WooCommerce/7.5.0 Hookshot (WordPress/6.1.1)
                            [Content-Type] => application/json
                            [X-WC-Webhook-Source] => http://localhost:91/tests/wordpress/
                            [X-WC-Webhook-Topic] => order.created
                            [X-WC-Webhook-Resource] => order
                            [X-WC-Webhook-Event] => created
                            [X-WC-Webhook-Signature] => 9S0A5QJaGIbJIdnPII1h60PhJhhCajdiUzDStPj9GSA=
                            [X-WC-Webhook-ID] => 1
                            [X-WC-Webhook-Delivery-ID] => fd9c11b003dbb29184a0afc59cd82f71
                        )

                )

            [Body] => Webhook body is not logged unless WP_DEBUG mode is turned on. This is to avoid the storing of personal data in the logs.
            [Response] => Array
                (
                    [Code] => 200
                    [Message] => OK
                    [Headers] => Requests_Utility_CaseInsensitiveDictionary Object
                        (
                            [data:protected] => Array
                                (
                                    [content-type] => application/javascript
                                    [server] => nginx/1.22.1
                                    [date] => Fri, 17 Mar 2023 21:22:28 GMT
                                    [vary] => Origin
                                    [access-control-allow-credentials] => true
                                    [access-control-allow-origin] => *
                                    [referrer-policy] => origin
                                    [x-content-type-options] => nosniff
                                    [x-xss-protection] => 1; mode=block
                                    [x-cache] => Miss from cloudfront
                                    [via] => 1.1 b8924c6b1eac8fe7d9c9873915e5d06a.cloudfront.net (CloudFront)
                                    [x-amz-cf-pop] => MRS52-C2
                                    [x-amz-cf-id] => dXCzucWGv4BN7HNjtiWNTIMOf7wfUQWmSJBbgFSaN5_aqEsefVf8og==
                                )

                        )

                    [Body] => Webhook body is not logged unless WP_DEBUG mode is turned on. This is to avoid the storing of personal data in the logs.
                )

        )

)

2023-03-17T21:24:23+00:00 INFO Array
(
    [Webhook Delivery] => Array
        (
            [Delivery ID] => f545f74d460aa751a4763973b186c620
            [Date] => Mar 17, 2023 @ 21:24
            [URL] => https://devdashboard.heatmap.com/sttracker.php
            [Duration] => 1.62392
            [Request] => Array
                (
                    [Method] => POST
                    [Headers] => Array
                        (
                            [User-Agent] => WooCommerce/7.5.0 Hookshot (WordPress/6.1.1)
                            [Content-Type] => application/json
                            [X-WC-Webhook-Source] => http://localhost:91/tests/wordpress/
                            [X-WC-Webhook-Topic] => order.created
                            [X-WC-Webhook-Resource] => order
                            [X-WC-Webhook-Event] => created
                            [X-WC-Webhook-Signature] => oxGzgxZa8zzUXaF4wlfE7LNHH0usEQMhfE4YmBc6p2E=
                            [X-WC-Webhook-ID] => 1
                            [X-WC-Webhook-Delivery-ID] => f545f74d460aa751a4763973b186c620
                        )

                )

            [Body] => Webhook body is not logged unless WP_DEBUG mode is turned on. This is to avoid the storing of personal data in the logs.
            [Response] => Array
                (
                    [Code] => 200
                    [Message] => OK
                    [Headers] => Requests_Utility_CaseInsensitiveDictionary Object
                        (
                            [data:protected] => Array
                                (
                                    [content-type] => application/javascript
                                    [server] => nginx/1.22.1
                                    [date] => Fri, 17 Mar 2023 21:24:25 GMT
                                    [vary] => Origin
                                    [access-control-allow-credentials] => true
                                    [access-control-allow-origin] => *
                                    [referrer-policy] => origin
                                    [x-content-type-options] => nosniff
                                    [x-xss-protection] => 1; mode=block
                                    [x-cache] => Miss from cloudfront
                                    [via] => 1.1 f530a2349ac817605a861a8067d5c9e6.cloudfront.net (CloudFront)
                                    [x-amz-cf-pop] => MRS52-C2
                                    [x-amz-cf-id] => 8oCuZA_9mj_3Ai8DwCliFPQFd3Tqe_mGly0GUYM3FM8VFjwgRsM_Yg==
                                )

                        )

                    [Body] => Webhook body is not logged unless WP_DEBUG mode is turned on. This is to avoid the storing of personal data in the logs.
                )

        )

)

2023-03-17T21:25:44+00:00 INFO Array
(
    [Webhook Delivery] => Array
        (
            [Delivery ID] => ab4770bd502d3f81ff3c2c86c6b579ca
            [Date] => Mar 17, 2023 @ 21:25
            [URL] => https://devdashboard.heatmap.com/sttracker.php
            [Duration] => 1.84086
            [Request] => Array
                (
                    [Method] => POST
                    [Headers] => Array
                        (
                            [User-Agent] => WooCommerce/7.5.0 Hookshot (WordPress/6.1.1)
                            [Content-Type] => application/json
                            [X-WC-Webhook-Source] => http://localhost:91/tests/wordpress/
                            [X-WC-Webhook-Topic] => order.created
                            [X-WC-Webhook-Resource] => order
                            [X-WC-Webhook-Event] => created
                            [X-WC-Webhook-Signature] => knLQAfYGRZiRib5H4NN79i3XcZWfvUSsgeUaBXlopqg=
                            [X-WC-Webhook-ID] => 1
                            [X-WC-Webhook-Delivery-ID] => ab4770bd502d3f81ff3c2c86c6b579ca
                        )

                )

            [Body] => Webhook body is not logged unless WP_DEBUG mode is turned on. This is to avoid the storing of personal data in the logs.
            [Response] => Array
                (
                    [Code] => 200
                    [Message] => OK
                    [Headers] => Requests_Utility_CaseInsensitiveDictionary Object
                        (
                            [data:protected] => Array
                                (
                                    [content-type] => application/javascript
                                    [server] => nginx/1.22.1
                                    [date] => Fri, 17 Mar 2023 21:25:46 GMT
                                    [vary] => Origin
                                    [access-control-allow-credentials] => true
                                    [access-control-allow-origin] => *
                                    [referrer-policy] => origin
                                    [x-content-type-options] => nosniff
                                    [x-xss-protection] => 1; mode=block
                                    [x-cache] => Miss from cloudfront
                                    [via] => 1.1 b8924c6b1eac8fe7d9c9873915e5d06a.cloudfront.net (CloudFront)
                                    [x-amz-cf-pop] => MRS52-C2
                                    [x-amz-cf-id] => IULv_C7a0eq3cfsJanxqtGR_Agw11DMJOTLStuG48LmipWhbLcy-nA==
                                )

                        )

                    [Body] => Webhook body is not logged unless WP_DEBUG mode is turned on. This is to avoid the storing of personal data in the logs.
                )

        )

)

2023-03-17T21:26:26+00:00 INFO Array
(
    [Webhook Delivery] => Array
        (
            [Delivery ID] => b3acb68c446980d17d2b7f379979a8e0
            [Date] => Mar 17, 2023 @ 21:26
            [URL] => https://devdashboard.heatmap.com/sttracker.php
            [Duration] => 1.87956
            [Request] => Array
                (
                    [Method] => POST
                    [Headers] => Array
                        (
                            [User-Agent] => WooCommerce/7.5.0 Hookshot (WordPress/6.1.1)
                            [Content-Type] => application/json
                            [X-WC-Webhook-Source] => http://localhost:91/tests/wordpress/
                            [X-WC-Webhook-Topic] => order.created
                            [X-WC-Webhook-Resource] => order
                            [X-WC-Webhook-Event] => created
                            [X-WC-Webhook-Signature] => QlKgzOCVu1RSHJLUUZe9i6hkb7JHSqHdZ/KpJrWCgbM=
                            [X-WC-Webhook-ID] => 1
                            [X-WC-Webhook-Delivery-ID] => b3acb68c446980d17d2b7f379979a8e0
                        )

                )

            [Body] => Webhook body is not logged unless WP_DEBUG mode is turned on. This is to avoid the storing of personal data in the logs.
            [Response] => Array
                (
                    [Code] => 200
                    [Message] => OK
                    [Headers] => Requests_Utility_CaseInsensitiveDictionary Object
                        (
                            [data:protected] => Array
                                (
                                    [content-type] => application/javascript
                                    [server] => nginx/1.22.1
                                    [date] => Fri, 17 Mar 2023 21:26:27 GMT
                                    [vary] => Origin
                                    [access-control-allow-credentials] => true
                                    [access-control-allow-origin] => *
                                    [referrer-policy] => origin
                                    [x-content-type-options] => nosniff
                                    [x-xss-protection] => 1; mode=block
                                    [x-cache] => Miss from cloudfront
                                    [via] => 1.1 ffd739e424742a0d36c9fcc27b48bb7c.cloudfront.net (CloudFront)
                                    [x-amz-cf-pop] => MRS52-C2
                                    [x-amz-cf-id] => mQGjZHOhVM4-XF0LEemo5lu8LfXbUIgDopTxuBfKnEy4rvYKZ-UrfA==
                                )

                        )

                    [Body] => Webhook body is not logged unless WP_DEBUG mode is turned on. This is to avoid the storing of personal data in the logs.
                )

        )

)

