2023-04-14T00:12:19+00:00 INFO Array
(
    [Webhook Delivery] => Array
        (
            [Delivery ID] => 5a323ada40a95a1d6e54c80df6871542
            [Date] => Apr 14, 2023 @ 0:12
            [URL] => https://devdashboard.heatmap.com/sttracker.php
            [Duration] => 6.63622
            [Request] => Array
                (
                    [Method] => POST
                    [Headers] => Array
                        (
                            [User-Agent] => WooCommerce/7.5.1 Hookshot (WordPress/6.1.1)
                            [Content-Type] => application/json
                            [X-WC-Webhook-Source] => http://localhost:91/tests/wordpress/
                            [X-WC-Webhook-Topic] => order.created
                            [X-WC-Webhook-Resource] => order
                            [X-WC-Webhook-Event] => created
                            [X-WC-Webhook-Signature] => SApFjVHgpXNAZRjWXe/yORpEmgsAGQLHFJ0h9G8LUmY=
                            [X-WC-Webhook-ID] => 1
                            [X-WC-Webhook-Delivery-ID] => 5a323ada40a95a1d6e54c80df6871542
                        )

                )

            [Body] => Webhook body is not logged unless WP_DEBUG mode is turned on. This is to avoid the storing of personal data in the logs.
            [Response] => Array
                (
                    [Code] => 200
                    [Message] => OK
                    [Headers] => Requests_Utility_CaseInsensitiveDictionary Object
                        (
                            [data:protected] => Array
                                (
                                    [content-type] => application/javascript
                                    [server] => nginx/1.22.1
                                    [date] => Fri, 14 Apr 2023 00:12:19 GMT
                                    [vary] => Origin
                                    [access-control-allow-credentials] => true
                                    [access-control-allow-origin] => *
                                    [referrer-policy] => origin
                                    [x-content-type-options] => nosniff
                                    [x-xss-protection] => 1; mode=block
                                    [x-cache] => Miss from cloudfront
                                    [via] => 1.1 5f65ac90cb02aca3a5a0a2a19c3c6812.cloudfront.net (CloudFront)
                                    [x-amz-cf-pop] => MRS52-C2
                                    [x-amz-cf-id] => Xjvu4vHLK2BetzdP9YxTJA3LQ3higLkut_MvanAa0J9qLhuslOoHng==
                                )

                        )

                    [Body] => Webhook body is not logged unless WP_DEBUG mode is turned on. This is to avoid the storing of personal data in the logs.
                )

        )

)

2023-04-14T00:42:32+00:00 INFO Array
(
    [Webhook Delivery] => Array
        (
            [Delivery ID] => 3e8eddf5ef2bdf5f295065ac814257d5
            [Date] => Apr 14, 2023 @ 0:42
            [URL] => https://devdashboard.heatmap.com/sttracker.php
            [Duration] => 2.04606
            [Request] => Array
                (
                    [Method] => POST
                    [Headers] => Array
                        (
                            [User-Agent] => WooCommerce/7.5.1 Hookshot (WordPress/6.1.1)
                            [Content-Type] => application/json
                            [X-WC-Webhook-Source] => http://localhost:91/tests/wordpress/
                            [X-WC-Webhook-Topic] => order.created
                            [X-WC-Webhook-Resource] => order
                            [X-WC-Webhook-Event] => created
                            [X-WC-Webhook-Signature] => LNQk992x5LpgeYJXTgBILOtyMUOaz80jLnrjM41PavE=
                            [X-WC-Webhook-ID] => 1
                            [X-WC-Webhook-Delivery-ID] => 3e8eddf5ef2bdf5f295065ac814257d5
                        )

                )

            [Body] => Webhook body is not logged unless WP_DEBUG mode is turned on. This is to avoid the storing of personal data in the logs.
            [Response] => Array
                (
                    [Code] => 200
                    [Message] => OK
                    [Headers] => Requests_Utility_CaseInsensitiveDictionary Object
                        (
                            [data:protected] => Array
                                (
                                    [content-type] => application/javascript
                                    [server] => nginx/1.22.1
                                    [date] => Fri, 14 Apr 2023 00:42:32 GMT
                                    [vary] => Origin
                                    [access-control-allow-credentials] => true
                                    [access-control-allow-origin] => *
                                    [referrer-policy] => origin
                                    [x-content-type-options] => nosniff
                                    [x-xss-protection] => 1; mode=block
                                    [x-cache] => Miss from cloudfront
                                    [via] => 1.1 3e2d48e2701d85ed2900b5e1e8df2e24.cloudfront.net (CloudFront)
                                    [x-amz-cf-pop] => MRS52-C2
                                    [x-amz-cf-id] => 89K8CRdyYPEbHIJgXmNEUcZiegNRMdcaMmTTNL3TClvzt3j78mVEag==
                                )

                        )

                    [Body] => Webhook body is not logged unless WP_DEBUG mode is turned on. This is to avoid the storing of personal data in the logs.
                )

        )

)

